<?xml version="1.0" encoding="UTF-8"?>
<!-- Generated by org.testng.reporters.JUnitReportReporter -->
<testsuite hostname="Thejas" failures="0" tests="3" name="com.sevenrmartsupermarket.tests.PushNotificationTest" time="42.772" errors="0" timestamp="12 Oct 2023 02:28:37 GMT" skipped="0">
  <testcase classname="com.sevenrmartsupermarket.tests.PushNotificationTest" name="verifyPushNotificationPageDisplayed" time="11.762"/>
  <testcase classname="com.sevenrmartsupermarket.tests.PushNotificationTest" name="verifyPushNotificationPageDisplayed" time="12.060"/>
  <testcase classname="com.sevenrmartsupermarket.tests.PushNotificationTest" name="verifyPushNotificationPageDisplayed" time="18.950"/>
</testsuite> <!-- com.sevenrmartsupermarket.tests.PushNotificationTest -->
