<?xml version="1.0" encoding="UTF-8"?>
<!-- Generated by org.testng.reporters.JUnitReportReporter -->
<testsuite hostname="Thejas" failures="0" tests="2" name="com.sevenrmartsupermarket.tests.LoginTest" time="11.418" errors="0" timestamp="13 Oct 2023 02:35:42 GMT" skipped="0">
  <testcase classname="com.sevenrmartsupermarket.tests.LoginTest" name="verifyStaffLogin" time="5.945"/>
  <testcase classname="com.sevenrmartsupermarket.tests.LoginTest" name="verifyLoginFunctionality" time="5.473"/>
</testsuite> <!-- com.sevenrmartsupermarket.tests.LoginTest -->
