<?xml version="1.0" encoding="UTF-8"?>
<!-- Generated by org.testng.reporters.JUnitReportReporter -->
<testsuite hostname="Thejas" failures="0" tests="1" name="com.sevenrmartsupermarket.tests.AdminUsersTest" time="5.347" errors="0" timestamp="16 Oct 2023 17:24:30 GMT" skipped="0">
  <testcase classname="com.sevenrmartsupermarket.tests.AdminUsersTest" name="verifyNewAdminUser" time="5.347"/>
</testsuite> <!-- com.sevenrmartsupermarket.tests.AdminUsersTest -->
