<?xml version="1.0" encoding="UTF-8"?>
<!-- Generated by org.testng.reporters.JUnitReportReporter -->
<testsuite hostname="Thejas" failures="0" tests="1" name="com.sevenrmartsupermarket.tests.ManageOrdersTest" time="4.597" errors="0" timestamp="17 Oct 2023 17:33:06 GMT" skipped="0">
  <testcase classname="com.sevenrmartsupermarket.tests.ManageOrdersTest" name="verifyDeletionStatus" time="4.597"/>
</testsuite> <!-- com.sevenrmartsupermarket.tests.ManageOrdersTest -->
